96.350861
96.201841
95.411621
96.810337
96.156418
95.506051
95.863397
96.444682
95.542089
96.036593
95.692991
96.398899
96.823304
95.523886
96.121430
96.168891
96.041176
95.690621
96.075701
95.665845
95.990371
95.918285
95.738652
96.079485
96.054186
95.901709
96.013454
95.981190
95.998744
96.479683
96.128194
96.566746
96.189914
96.022583
95.832477
95.733229
95.670901
96.057940
96.128189
96.003142
96.146152
96.342197
96.094457
96.220819
96.029736
95.829157
96.254926
96.259455
95.635321
96.948266
96.422343
96.066127
96.146317
95.840553
95.855447
96.369914
95.965020
96.879854
96.195583
95.696593
96.174616
95.988898
96.043014
95.883731
95.953928
96.633411
96.458582
95.787699
96.170761
95.785629
96.084344
96.036699
96.170692
95.564912
96.049319
96.392727
95.930855
96.009557
95.946667
96.051554
96.054900
96.116712
96.035339
95.981988
95.600318
96.226020
95.836620
95.716132
95.961334
96.281791
96.071951
96.011695
95.911565
95.894296
95.738393
96.178328
96.034652
95.838959
96.297774
96.417210
96.357331
96.133569
95.846879
96.237550
96.088561
96.106492
96.178170
96.177789
96.650975
96.450035
96.226979
95.849657
95.724478
95.822892
95.777907
96.376423
96.174987
95.862399
95.683790
96.120942
96.251523
96.412575
95.864305
95.969750
96.180866
96.420161
96.161803
96.244092
96.155267
95.892772
96.111941
95.969166
96.240259
96.115622
96.012772
95.941791
96.069644
95.950132
95.863651
96.813640
95.696242
96.203504
96.362604
95.747381
95.428229
95.906202
95.901793
96.218774
96.078308
96.211700
95.532021
95.638499
96.005000
96.436595
95.816213
96.055753
96.042518
96.160517
96.066557
96.613264
95.931661
96.301730
96.047045
96.237602
96.263252
95.784998
96.070805
96.006744
95.736055
95.667842
96.026178
95.920252
96.001739
95.940196
96.259503
95.888033
96.009373
95.951401
95.522880
96.237107
96.022346
96.789289
96.114123
96.430426
95.726612
95.987804
95.884134
96.323006
96.233981
96.174929
96.275072
95.519268
96.369018
95.870801
96.354091
96.264545
95.475392
96.001120
95.720080
95.731222
96.103370
96.017539
95.867071
95.881184
95.958721
95.805491
96.209506
95.727820
95.941920
96.267996
96.383559
95.816630
95.562239
95.820611
96.089328
95.754744
96.493846
95.689600
96.621763
96.376948
96.115190
95.764972
95.513695
95.529835
96.223197
96.078724
95.827514
96.614786
95.999593
96.034590
96.097655
96.344861
96.016804
96.130719
95.795095
96.551297
96.468295
96.219018
95.980302
95.996537
96.539204
96.003153
96.264065
96.843435
96.047434
96.184313
96.073146
95.976006
95.890788
95.799345
96.000408
96.576584
96.689771
95.871173
95.874089
96.042037
96.117669
96.381586
95.444850
96.350946
96.010972
95.895223
96.676428
96.613421
96.097438
96.083472
95.620357
95.964157
96.320506
95.877699
95.910230
96.198610
95.809190
96.077104
96.444915
96.068483
95.590901
95.713428
96.224167
95.673258
95.736436
96.085906
95.995251
96.040091
96.371578
96.656009
95.865603
95.854367
95.807143
95.621437
96.002292
96.558111
95.950388
96.386693
95.805254
95.230993
96.289044
95.611771
96.101629
96.246597
96.363170
96.195464
95.882035
95.598661
95.726419
95.725466
95.492889
96.546283
95.991243
96.068112
95.964463
95.841438
95.694945
95.789991
95.473344
95.796039
95.828429
96.525943
96.520625
96.110363
96.338158
96.108228
95.721974
95.817326
96.286275
96.641163
96.084564
96.144465
95.814829
96.293669
96.143463
96.008242
96.087434
95.669988
96.472047
95.612892
96.044088
95.818210
96.262348
96.023200
95.701710
96.002175
95.980989
95.793878
95.828149
95.417294
95.793568
96.161746
96.086990
95.881940
96.247923
95.940170
95.632863
95.685281
95.989702
95.896838
95.585833
95.702340
96.267939
95.871811
95.816660
96.022755
95.830613
95.981952
96.183512
95.701920
96.367505
96.284839
96.073304
96.214069
96.010564
95.849029
95.764748
95.647716
95.984074
95.861388
95.996176
95.745658
95.873860
95.836391
96.067958
95.967086
96.019323
96.241947
95.870614
96.488953
95.764739
96.057383
95.993738
96.144939
96.002782
96.381206
96.421421
96.750068
95.696022
96.204906
95.993178
96.318620
95.799270
95.971685
96.302233
96.543990
96.002035
95.891777
95.876000
96.270672
95.733008
96.527735
96.065115
95.748859
96.421452
96.335184
96.016791
95.550422
95.991437
96.334491
96.267265
96.375403
95.923525
96.136481
95.672116
96.181974
95.763057
95.765689
95.753719
96.292041
95.824684
95.822921
96.270149
95.224751
95.973090
96.472542
96.240008
95.999618
96.060251
96.038385
95.951605
95.690083
95.754550
96.095290
96.009907
96.333032
95.929313
95.512934
96.140429
96.340682
95.953515
95.705217
96.406397
95.767488
95.552113
95.737646
96.386656
96.201908
95.835258
95.763522
96.091726
96.565544
96.026459
96.214321
95.764746
95.975588
96.259106
96.160339
96.203279
96.475568
95.982355
95.909723
95.853488
95.890920
96.356212
95.867763
96.651215
96.140747
96.427894
96.006389
95.949304
96.252350
96.026424
95.641414
96.169872
96.172455
95.824150
95.685907
95.817293
95.909350
95.991269
95.515077
95.708870
95.964283
96.582565
96.401520
95.736914
95.768229
95.981316
95.903772
95.909032
97.022516
96.211788
96.326382
95.687618
95.993927
95.760300
96.629149
96.105248
95.804456
96.330467
96.460773
95.978356
96.029650
95.849624
96.199014
95.975664
96.112366
96.181019
96.355930
96.054775
96.070375
95.574165
95.843840
96.010351
96.048808
95.977046
96.361851
96.499684
96.153880
95.737742
96.221079
96.177154
95.773159
96.111320
96.147530
96.244654
96.185726
96.323342
96.034969
96.007351
95.902901
95.723894
96.017494
96.199279
96.138289
95.934744
96.272233
95.761704
95.924500
95.971136
96.012475
96.276266
96.346220
95.821184
96.367258
96.034891
95.627600
95.590983
95.933427
96.561546
96.108692
96.318572
96.018478
96.012963
95.931062
95.798187
96.509153
96.208001
96.309770
95.936554
96.187535
96.234001
96.679508
95.598547
96.145014
96.300776
96.578076
96.392399
95.454414
96.981116
96.304405
95.878534
95.658504
95.941154
96.555107
96.077892
96.727809
96.169141
95.669996
96.419889
95.980500
95.667744
96.481665
96.121822
96.064434
96.268060
95.764178
96.199034
95.926644
96.141780
96.305562
96.333278
96.275676
96.082791
96.021531
95.776087
95.837884
95.709324
96.699905
96.509418
95.864001
96.246388
95.931066
96.107155
95.736162
96.414879
95.875387
96.691739
96.078834
96.151681
96.070702
96.065591
96.021108
95.791645
95.898340
96.737938
95.674254
95.620342
96.157900
96.485923
95.992564
95.674578
95.971672
96.342772
96.377326
95.567856
95.939012
96.075651
96.363801
95.648885
96.514966
95.947199
96.183229
96.610630
95.889497
95.449393
95.918271
95.730662
96.404540
95.884297
96.370271
95.740261
95.875124
96.254864
95.778919
96.121211
96.431343
95.794646
96.098996
96.077335
95.619411
95.686082
95.399059
95.687951
96.263706
95.898893
95.909315
95.625588
96.043623
95.984807
96.173964
96.436704
96.233326
96.401540
95.940861
96.071661
96.304923
96.052931
96.585662
95.879533
96.665574
96.115634
96.448334
95.743222
95.786539
95.860385
95.880028
95.561626
95.986928
96.478103
96.278639
95.444058
96.227861
95.706454
95.780178
95.443841
95.863355
96.066243
96.216367
96.162190
95.695720
95.766082
96.006491
95.988899
96.117514
96.803645
96.177142
95.840025
95.689586
96.136008
95.566430
95.795387
96.222059
96.466390
95.835516
96.350102
96.302090
95.675438
96.258277
96.090751
96.180222
95.912115
95.730378
96.091403
96.003732
95.849933
96.127816
95.418839
96.121501
96.350783
95.911064
96.169535
95.895535
95.886466
96.167756
96.472462
95.916504
96.285535
95.909274
96.327003
95.736448
96.092059
96.255118
96.106092
95.328464
96.260452
96.092807
96.034558
96.405166
96.024665
96.385646
96.172352
95.850622
96.568754
95.981793
96.542543
96.002574
95.907738
95.701405
95.560307
96.281482
96.123912
95.848469
95.671336
96.309333
96.186528
95.966009
95.851685
95.922646
96.415262
96.676592
95.653462
96.059501
95.801278
96.064466
95.392972
95.378997
95.896712
96.547541
96.249174
95.795227
95.190308
96.329705
96.552626
95.910044
96.143514
96.145467
95.827812
95.882186
95.796639
96.275323
95.463346
96.247133
96.310346
96.334714
95.847804
96.443464
95.580020
96.750268
95.907395
96.102244
96.394453
96.012815
95.835372
95.470225
95.794336
96.026654
95.862837
96.250507
96.585058
96.163185
95.991309
95.769497
96.289203
95.846104
95.491041
95.915730
95.545008
96.500870
96.636252
95.580311
95.988703
95.850093
95.870493
95.993439
95.950128
96.288995
95.910036
96.463321
96.881125
97.167608
96.018819
96.231901
95.719302
95.730540
96.071790
96.659467
96.172004
96.655850
95.833206
96.096159
95.930231
95.708771
96.094191
96.038019
96.214073
96.282412
96.454038
96.190935
96.003568
96.224476
96.400405
96.470350
96.284486
96.352148
97.026969
95.294446
96.044980
95.765793
95.773300
95.984853
95.835682
96.476267
96.803952
95.649752
95.634265
95.950032
95.753861
95.990208
96.561662
96.252940
96.196189
95.925063
96.056798
96.213436
95.656407
95.888454
96.183512
95.950176
96.000261
96.843558
96.148185
95.959776
95.708315
95.977567
95.542160
95.742278
96.070773
96.060330
95.690070
95.474373
96.243520
95.766410
95.936425
95.685025
96.421406
96.213860
96.015769
96.300712
95.969407
95.800114
95.882090
96.214630
95.381997
95.675517
96.541614
96.292608
96.197238
96.401590
96.066317
95.839040
95.684408
96.067964
96.153145
96.558224
95.623070
96.336369
95.933900
96.345286
95.801292
96.129095
96.386900
96.334554
95.971386
95.827104
96.164059
96.252691
95.235111
95.479465
95.953349
96.165853
96.159573
95.759624
96.084055
96.039959
95.727697
96.362840
96.484049
96.083120
96.583140
95.976979
95.972719
96.046299
95.968184
96.741875
96.150197
96.565269
96.150902
95.306746
95.916392
95.444472
95.977201
95.849384
96.480501
95.769062
96.485404
95.747677
95.938234
95.879356
95.516969
95.985619
95.897502
96.534107
96.383356
95.773373
96.156143
95.786050
95.722836
96.150940
96.159098
96.484779
96.398643
96.386394
95.796605
96.498238
95.857679
96.166884
95.678097
96.323932
96.285429
96.127381
96.243519
96.240236
95.596726
95.969570
95.839702
95.617214
95.785714
96.218006
96.765593
96.099008
96.533444
96.141099
95.676582
96.384094
95.781086
95.560523
96.298703
96.487397
96.488453
95.654187
96.586874
95.621010
96.050620
95.971163
96.467019
95.927640
95.878691
95.968356
96.088504
95.517209
96.200699
95.815060
96.313578
96.374055
96.108487
96.128527
96.444046
96.270481
95.996363
95.792667
96.387362
96.074991
96.819082
96.016011
96.264899
95.756293
95.673486
96.296530
95.676810
96.067864
96.283712
96.144700
96.012256
95.536326
96.106163
95.786641
96.463666
95.807681
96.325353
96.459698
96.288885
96.223613
95.856734
95.747174
95.525328
95.656631
95.909292
96.756016
96.310380
96.330932
95.471604
96.144928
96.421586
95.481039
96.057208
96.752832
96.450412
95.820567
96.243952
96.296942
96.247518
96.044802
96.058296
96.161345
96.372600
96.228268
96.080950
96.255738
95.939063
96.442824
96.376372
95.693687
96.593596
95.902225
96.309417
96.072479
96.010294
96.320277
95.558125
96.205122
96.137051
96.403636
96.507081
96.064731
96.472029
95.884150
95.836262
95.971731
96.055215
96.848956
96.317128
96.012556
96.150190
95.428709
95.956627
96.150282
96.032355
96.064839
96.146473
96.119570
95.595005
96.163010
95.619724
95.940684
95.877756
96.190810
95.765819
95.728113
96.115474
95.789350
96.015545
95.899692
96.257860
96.651232
95.641779
95.761207
95.746439
95.872378
96.371100
96.497082
95.912453
95.615256
96.003142
95.851452
96.268020
95.828013
96.230854
96.252826
95.704240
95.768132
95.958685
95.898343
95.482808
96.832924
96.048456
96.726221
95.869385
96.464673
95.959109
96.550882
96.070778
95.265975
95.828497
96.324982
95.574315
96.074149
95.985357
96.600536
96.515677
96.551996
95.846144
96.511538
95.771700
96.245073
96.443245
96.222716
95.758007
96.476373
96.035331
96.305430
96.055415
95.870940
96.045464
95.922127
96.384401
95.983728
95.977461
95.786891
95.955478
96.117512
96.150459
96.143788
96.320551
96.296933
96.441694
95.962329
95.655842
95.570921
96.566269
96.237828
95.559640
95.714213
96.385979
96.278127
95.954240
96.335253
95.904947
95.945905
96.045096
95.965363
96.333044
96.376993
95.495476
95.875895
95.903836
96.014638
95.792580
96.344386
95.720324
96.352704
96.424915
96.069223
95.764750
95.699144
95.426549
95.953936
96.216342
96.626949
95.974376
96.126062
96.196198
95.715996
95.874932
96.203146
95.630175
96.409148
96.182734
96.393943
95.688539
95.866733
96.023849
96.458676
96.561323
95.730340
96.714775
96.157094
96.274902
95.757734
95.829866
95.986009
95.739715
95.640036
95.786939
96.143746
96.583906
95.651580
95.941679
96.019775
95.582105
96.077847
95.844945
95.851922
95.659028
96.075513
96.027794
96.132628
95.946426
95.644340
95.938063
96.292425
96.106009
96.269708
96.399472
96.047388
95.482331
96.088875
95.804393
95.369061
95.810712
96.061593
96.527969
96.462595
95.924735
96.606861
95.458055
95.532855
95.472376
95.753714
95.904023
95.721723
95.746970
96.215755
95.763077
95.785027
96.150728
95.982843
95.951471
95.576268
96.493689
96.238426
96.158979
96.524629
95.798595
95.795767
95.844129
96.000759
96.234109
96.305507
95.957681
96.314618
96.562138
96.193210
96.014075
95.731870
96.009419
96.219615
96.506734
96.388712
96.624663
96.052563
96.087734
95.988424
95.541341
96.012666
96.076496
96.254653
96.076859
96.225365
95.989250
95.882330
95.942836
96.206783
96.021808
96.239346
96.287338
95.495474
96.163532
96.485595
95.895870
95.744812
95.654318
95.406430
96.004441
96.000820
96.001633
96.624451
96.327930
95.826661
95.833505
95.622180
95.939316
95.826684
95.972758
96.264602
95.891889
96.117862
96.012331
96.495709
96.045506
95.991188
95.879894
96.222340
96.168810
96.307951
96.619605
96.466951
96.028675
96.097974
96.077945
96.192429
96.238834
96.550806
95.565443
95.964851
96.174376
96.139925
96.041314
95.749467
96.487761
96.443514
95.364173
95.653370
95.658745
96.232871
95.866276
96.168917
96.082581
96.153588
96.089183
95.411081
96.006677
95.747119
96.087601
95.894034
95.678809
96.007388
96.501628
96.036864
95.762642
95.939360
96.001678
96.224248
95.799416
95.852489
95.617378
96.049394
95.574523
95.532818
96.105788
95.690008
95.756954
96.345635
96.155898
96.466479
96.371795
95.811479
96.216705
95.363633
96.091131
95.997013
96.497903
96.757941
96.367431
95.845527
96.288897
96.197823
96.526854
96.251130
96.262743
96.672299
95.790628
95.957008
95.673593
96.407027
96.014555
95.786180
96.362610
96.213062
96.359846
96.234450
96.567589
95.739025
95.844646
95.831836
95.698695
96.192121
95.959374
95.878232
95.684886
96.108943
95.661296
95.731369
95.912272
95.981975
96.487887
96.029951
96.291103
95.852538
96.235911
95.798002
95.920795
95.819130
95.813116
95.297911
96.542376
96.021874
96.018905
95.763339
96.049288
96.246464
95.750952
95.879902
96.260628
96.622010
96.019136
95.845077
95.512091
95.782416
96.006143
95.913451
96.293122
96.187195
96.454960
96.290546
95.625744
95.997046
95.963321
96.087948
96.113416
96.101811
96.059131
95.596174
96.102120
96.013472
96.344321
96.001435
95.532303
96.923933
96.424395
96.119757
95.784661
96.010663
95.572555
96.182232
96.067071
96.341469
96.336970
96.146206
95.781163
96.171535
95.749918
95.996938
95.808116
96.802428
96.493986
96.606789
96.031433
95.737771
96.065729
95.736517
95.899650
96.497739
95.884009
95.594426
95.891101
95.712805
96.500918
96.017486
95.918463
95.681619
96.012452
96.830429
95.782311
96.403804
96.269983
95.848307
96.266464
96.451157
95.843482
96.656390
96.585033
96.324205
96.129798
95.380262
95.895638
95.798533
95.959046
96.071621
96.015343
96.501357
96.718728
95.768877
96.296705
95.782253
95.963997
96.324944
95.868775
96.276695
96.108239
96.105395
96.108190
95.695188
95.833622
95.612968
96.038714
96.248753
95.902651
96.201081
96.727599
95.453253
96.224821
95.704406
95.601565
96.418578
96.199718
95.877754
95.823913
95.912239
95.918174
95.626670
95.650121
95.773826
95.906364
95.883470
96.386582
96.280703
96.327333
96.387999
96.031191
95.845213
94.884268
96.732483
96.124768
95.453061
95.982266
96.386697
96.185543
96.345412
95.864086
95.849752
95.947318
95.564132
96.408800
96.370649
95.665194
95.538957
95.789525
95.939877
96.242644
96.277988
96.151882
95.974753
96.193834
96.317407
96.078602
95.990922
95.568243
95.565052
95.652418
96.248061
96.796197
96.363728
95.732407
95.453596
95.758003
96.238945
96.406637
96.918653
95.838051
96.538638
96.126107
95.765592
96.263537
96.138542
96.249525
95.653507
96.557339
96.475473
96.627565
96.088017
95.597227
95.809439
95.819800
95.351963
96.107206
96.355076
96.685327
96.091346
95.643778
95.352512
96.091892
95.922890
95.560637
96.378745
96.157430
96.259538
96.141808
95.965171
95.627892
95.855368
95.583519
96.218117
95.906957
96.017808
95.898029
95.707282
95.965399
95.741370
96.046134
95.090202
96.186384
96.143692
96.224584
95.975552
95.882700
96.373155
95.785495
96.102591
95.654713
96.092668
95.828056
96.096128
95.722920
96.071871
96.343376
95.975835
96.532196
96.511445
96.582096
96.376564
96.632823
95.841668
96.272586
95.256913
96.302929
96.029069
96.064074
96.104627
95.791592
96.146838
96.287941
96.167981
95.881769
95.845815
96.827449
95.896690
96.141024
95.967216
96.162892
96.264603
95.922669
95.921124
95.994726
95.863734
96.087715
95.733413
95.986955
95.383562
96.011991
96.325252
95.889615
96.411351
96.293036
96.085106
95.769434
95.840896
95.827313
96.041026
96.193966
96.453957
96.174519
96.976705
95.369790
96.214296
95.695518
95.876503
95.719389
95.724310
96.065954
96.355649
96.195522
96.305251
96.171694
96.207244
95.890080
96.519075
96.091721
95.983445
96.176982
95.465119
95.865307
96.063724
95.883118
96.173272
95.939011
96.667751
96.108914
96.139021
96.283711
96.091475
95.924395
95.880205
96.417157
96.262833
96.293741
95.769745
95.880472
96.192772
95.899325
95.820696
96.219512
96.480385
96.512897
96.418580
96.218805
96.025280
96.663253
96.573421
95.783677
96.377649
96.285074
96.037058
95.574629
95.676875
95.529229
95.820490
95.945959
96.277684
96.751847
95.806739
96.094032
95.938531
95.932190
96.066092
95.897225
96.609925
96.045481
96.408792
96.138637
95.969007
95.580782
95.713500
95.918804
96.156255
96.448742
96.246227
96.403033
95.431645
95.791517
95.984943
96.349998
96.035318
96.133969
96.177141
96.243252
95.633073
96.122288
96.217023
95.914686
96.318480
96.112413
96.137224
96.180228
95.677705
95.742389
96.275366
96.604236
96.019971
96.037186
96.344295
96.207623
95.688780
96.319723
95.824138
95.660234
95.812957
95.907132
95.766978
96.368658
95.991055
95.912593
96.302315
96.088521
95.816831
95.724640
95.684426
95.929998
96.391753
96.088114
96.659499
96.159284
96.018715
95.820858
95.657595
96.208710
96.605811
96.330394
95.989718
95.767189
96.076961
96.329959
95.966354
95.499892
96.038263
96.441278
96.357744
96.153126
96.175630
95.964817
96.168677
95.823311
96.397084
96.714964
96.012589
95.835472
96.028172
95.295460
95.922271
95.968712
96.427252
95.958841
96.263241
96.466951
96.229937
95.627988
96.200115
96.752023
96.349978
96.277135
95.888267
96.532854
95.906540
95.723460
96.252840
96.190850
95.833683
96.053124
95.790792
96.268186
95.780087
96.047624
96.001989
95.767685
95.767030
96.328339
96.388938
96.451379
95.559177
95.637691
95.800839
95.835018
96.207633
96.327729
96.317155
95.124979
95.838814
95.954103
96.016173
95.852998
96.150958
96.145049
96.314972
96.174685
95.965489
96.629345
96.001999
96.101433
95.801656
96.460175
96.546850
96.610310
96.086891
95.516125
95.734289
95.796256
95.920459
95.582903
96.273691
96.357840
95.787530
96.229972
95.526951
95.702565
96.780192
95.982420
96.659599
96.033471
96.192294
95.975195
95.696311
95.805804
96.218302
96.065425
96.634041
96.433358
95.832660
96.053454
96.028803
96.051450
95.829172
95.840679
96.411325
96.384898
95.799983
95.546508
95.889554
96.374926
95.702154
96.946855
96.232495
95.716677
95.974404
96.322273
96.403571
95.856427
96.223703
96.656235
96.167369
96.278952
96.284571
96.524027
95.445203
95.903586
96.485446
95.811867
96.031749
96.623098
95.860328
96.045161
96.037744
95.933903
96.394951
95.682669
96.077481
96.120240
96.158034
96.039953
96.279650
95.556213
96.148156
96.287094
96.228334
96.551795
96.147069
96.094022
95.648335
95.787166
95.890721
96.003346
96.334376
95.950789
96.455048
96.521977
95.749619
96.199525
96.117638
95.905721
96.186071
96.369397
96.432239
96.197819
95.857014
95.958216
95.980488
95.695810
95.659741
96.294416
96.305425
96.169875
95.662576
95.404484
96.123432
96.198075
95.452136
95.982070
96.087048
96.030934
95.853449
96.299202
95.501542
95.643777
96.225646
95.894908
96.420619
96.000188
96.440540
96.358891
95.716222
96.021683
95.928901
96.141777
95.922748
95.956792
95.968475
96.317919
96.387153
95.640114
95.046221
95.414343
96.201811
95.538404
95.780070
96.285951
96.266627
95.743210
95.922979
96.053282
96.046066
95.937240
95.993590
95.836710
96.293435
96.442302
96.024574
95.648616
95.898056
95.669771
96.137587
96.098066
95.881952
95.835882
96.477306
95.739553
96.332117
95.959002
95.201827
96.163409
96.525298
96.383560
96.228822
95.873637
95.740600
95.802801
95.980633
95.769476
96.372712
96.230425
95.802745
96.379197
95.970057
96.118019
96.260525
95.814581
95.901730
95.877588
96.276656
95.818034
96.310309
95.469450
95.947463
95.843786
95.510165
96.012298
96.262492
96.165597
95.751826
96.165117
95.700394
96.083482
96.421078
95.970292
95.805074
96.002374
96.569787
96.374555
96.172148
95.712874
96.062665
96.101479
96.670061
96.243319
96.333365
95.577726
96.074470
95.743391
96.167927
96.035724
95.967806
96.074794
96.211842
95.668453
96.370870
95.131950
95.673316
95.619877
96.367957
96.184745
96.216060
95.832577
95.828921
95.970657
95.997146
96.279574
96.766007
96.335179
96.183941
95.893778
95.713525
96.066063
95.821494
96.291992
96.410508
96.567630
96.651807
95.933830
95.977126
96.342231
96.026083
96.607510
96.561677
96.003765
96.831082
95.787117
95.852924
95.378275
95.859797
95.697439
95.912038
96.033139
96.006365
96.098486
96.028276
95.756276
96.290477
96.119025
96.670776
96.468859
95.559115
95.965635
95.668526
96.090234
95.929002
96.464950
95.863164
96.196271
96.496597
96.397483
96.120257
96.354026
96.192548
96.200975
95.885850
95.504428
95.973096
96.501343
96.304900
95.836245
95.982215
96.117098
96.299629
96.300777
96.315382
96.521571
96.157813
96.464818
95.496098
96.192545
95.161979
96.090055
96.377542
96.878603
96.359219
96.109145
96.242893
95.914623
95.504244
96.075706
95.884585
95.969969
96.345927
96.143152
96.194928
96.079982
96.343117
96.266632
95.562642
95.653729
96.126988
96.152782
96.082426
96.874373
95.985402
95.587473
96.023638
95.757464
96.123180
95.738349
96.417042
96.323727
95.838156
95.651652
96.226508
96.195944
95.556936
96.018053
96.757105
96.223580
95.932144
96.099172
96.004501
96.061925
95.820092
96.246984
96.090079
96.631573
96.222015
95.923264
95.727939
95.585234
95.983791
95.961168
95.897170
96.103028
96.666619
96.009763
95.767038
95.664045
96.236570
96.103231
96.112839
96.223951
96.440916
96.049147
95.868185
95.447492
95.671107
96.266134
95.474867
96.042990
96.565831
97.014860
96.232461
96.005688
96.205813
95.750956
95.781699
96.253254
96.338786
96.024007
96.463599
95.642357
95.715266
96.167265
95.918941
96.204506
96.174894
96.462104
96.019803
95.193318
96.134332
96.006995
95.709307
96.128131
95.966064
97.034731
95.969116
96.506349
96.229636
95.744702
96.039751
96.040385
95.451499
95.924009
96.219992
96.146688
96.060255
95.988535
96.065773
95.431863
95.984406
96.196097
96.260195
96.051006
96.173984
95.483841
96.442877
95.816792
95.949526
95.811580
95.867097
96.422321
96.313890
96.277156
95.710278
96.387585
95.366368
96.036928
95.693269
95.966180
96.001652
96.131124
96.542389
95.814031
95.926296
96.439040
96.089380
96.160921
96.183739
96.073254
95.800998
95.630637
95.739449
96.375555
95.928111
95.873953
96.063141
96.522614
96.552488
96.397897
95.940824
95.976880
95.966599
95.384087
96.597014
96.180366
95.879877
96.364919
96.396130
96.636797
96.030985
95.844209
95.472247
96.076729
96.380523
96.427211
96.055716
96.618106
95.854932
96.190233
95.599289
95.664479
96.221712
96.554354
95.901394
96.302223
95.979168
95.602777
95.601837
95.728835
96.130306
96.494535
96.119260
96.668530
95.922042
96.274064
95.977344
95.815708
95.954298
95.829423
96.202008
96.237827
96.187110
95.995487
95.729073
96.482002
95.725900
96.177822
95.909186
96.477929
96.352894
96.009707
96.196575
96.388072
96.356151
96.029267
96.156714
96.123271
95.959354
95.690102
96.213335
95.802380
96.124290
96.165747
95.944984
96.270288
96.048345
96.303599
95.794212
95.556266
95.926816
96.241149
95.771551
96.223362
96.032940
96.522850
95.671958
96.178298
95.930746
95.843281
96.107524
96.695911
96.523495
96.148307
96.058473
95.845444
95.628173
95.526178
96.443269
96.577417
96.594235
96.254806
95.684802
96.720908
95.602798
96.339477
96.008693
96.447041
96.729138
96.181528
95.755255
96.100147
96.096728
95.934809
95.836695
96.064329
96.118029
96.398795
96.333958
96.102238
95.693941
96.170370
96.573751
96.019040
96.509749
96.196440
96.129862
95.854258
95.805479
95.801578
95.932623
95.596989
95.800979
96.409180
96.341661
95.945249
96.255770
95.882208
95.545068
95.782160
96.031971
96.217029
96.097059
96.676264
96.221197
95.858276
96.191763
96.033863
95.901181
96.486434
96.988145
95.905133
96.612126
95.833918
96.342042
95.762455
96.090056
95.855474
96.174677
96.730885
96.127546
96.247409
95.859229
95.655021
96.054758
96.288759
95.501840
96.563279
96.605134
96.100325
96.068563
95.795587
95.705930
95.688342
95.563628
95.724837
96.092076
96.095883
96.072452
95.669912
96.004446
96.167955
95.803429
95.747546
96.591903
96.107146
95.992736
95.970179
96.244170
95.830883
95.750404
95.975817
96.395715
96.317347
96.311952
95.830348
96.455021
95.873050
95.603415
96.052568
96.350036
96.706259
95.978697
95.899346
95.785217
95.987540
95.864877
95.770230
96.629900
96.622471
95.919630
96.522249
96.143362
96.468930
96.007546
95.656431
96.032342
96.683661
96.881816
96.348013
96.121523
96.099625
96.038746
96.090325
96.470249
95.526073
95.908988
96.038311
95.856674
95.960555
96.293834
96.159565
96.927416
96.331955
95.774789
95.952540
95.784660
95.555051
95.496587
95.944641
95.822203
96.331772
96.294084
96.066374
95.545361
96.008579
95.753899
95.803413
96.338457
96.223203
95.937611
96.048340
96.316146
96.394690
95.592069
95.992248
95.643916
96.096034
96.077646
96.196842
95.650260
95.731886
96.201764
95.978721
96.149941
96.031226
95.670319
96.510355
96.021461
96.348836
96.021594
95.805761
96.172610
95.603382
96.152026
96.247355
95.861032
96.357529
96.051600
96.048778
96.200444
96.099119
96.246043
95.833827
96.334384
96.334097
95.506479
96.036693
96.531760
95.518903
96.398994
96.149895
96.895212
96.159209
96.446891
95.615186
95.505115
95.642127
95.939350
95.622538
95.970569
96.229172
96.089829
96.265853
95.582073
95.659428
96.354296
95.549601
96.015960
96.069498
97.396973
96.053320
96.332656
95.394478
95.825244
96.323167
96.353518
95.879525
96.351597
96.012038
96.108688
95.789286
96.299909
95.915980
95.872829
96.054636
96.177268
96.262478
96.039416
96.161826
95.914908
95.372345
96.076705
96.074263
96.244880
96.040730
95.903254
95.914727
96.134664
96.133737
96.097979
96.196108
96.234437
96.655393
95.925883
96.641267
95.918887
96.612452
95.349913
95.833280
95.866507
95.953225
96.765357
95.826428
96.099103
96.259953
96.308375
96.298406
95.516329
96.388211
96.359943
96.297623
96.628812
96.361940
96.110464
95.869829
95.818299
95.674434
96.234572
95.559797
96.441150
96.007577
96.173894
96.276167
95.659698
95.615963
96.062046
96.432863
96.622277
95.775805
95.666156
95.970584
96.165739
95.885085
95.516539
96.294531
96.064599
96.296879
96.063194
96.269675
96.238169
95.840238
95.674930
95.808386
96.036812
96.196631
96.539401
96.244233
96.432151
96.085299
96.276528
95.498881
95.035217
95.756267
96.239083
96.346224
95.841908
96.242925
96.075387
95.920853
96.314086
95.844942
96.075508
95.550205
96.633916
96.139827
96.045335
95.809613
96.325028
96.001446
96.164213
95.909097
96.169129
96.303728
96.324178
96.367395
95.739583
96.077355
96.278525
96.253252
96.327051
96.390311
95.826347
96.126364
95.880967
95.617041
96.095945
95.726175
96.779256
96.356703
96.267343
95.768997
95.782056
96.452395
96.382986
95.880201
95.757704
96.378902
96.416259
95.977082
95.831673
96.391885
96.025315
96.196933
95.811192
96.790347
96.175906
95.820490
96.328767
95.903743
96.058161
96.273886
96.163743
95.839502
97.179609
96.065142
96.449907
95.853743
96.043574
95.133899
95.806348
95.960932
95.927867
96.482403
96.635301
95.928781
95.928111
95.516334
96.101036
96.059035
96.365461
96.389052
96.454088
96.651458
95.659549
96.156295
95.959787
95.990252
95.896434
95.667770
96.296904
96.295309
95.955388
96.162048
96.358660
95.815905
95.619812
95.640214
95.381429
95.973749
95.780239
96.298392
95.824769
96.324748
95.667541
95.569148
95.997915
96.478619
96.110392
96.243934
95.723986
96.083118
96.987876
95.634027
95.566158
96.300334
96.234288
95.708659
96.083562
96.002123
96.326835
95.690838
96.848008
95.439109
95.741674
96.028860
96.054376
96.478335
96.214933
96.380900
95.822505
95.762873
95.262527
96.191743
96.058942
95.938566
96.784629
95.569496
95.952173
96.063692
95.756232
96.515967
95.638536
96.520740
96.397354
96.198392
95.978038
96.032300
95.943831
95.884181
95.797953
96.195881
96.569648
96.697459
96.675060
95.626168
95.815447
95.714400
96.152040
96.084792
95.452322
95.964960
96.481819
96.267940
95.649921
96.098763
95.606179
96.206177
95.775275
96.369882
96.329325
96.441749
95.861447
95.987958
96.836669
96.124426
95.719077
95.788598
96.374215
96.310503
96.037141
96.050267
96.143532
95.763236
95.845417
96.296550
96.295286
96.207041
95.666283
95.920523
95.906430
95.818555
95.872290
96.386684
96.006115
96.307410
96.544237
95.910154
96.070515
95.753939
95.917712
95.581430
95.461039
95.601043
96.369353
95.747539
95.624636
95.652155
95.665345
95.864041
95.722463
96.069891
96.741206
96.319960
96.019871
96.287516
95.842118
96.164009
96.093174
96.186912
96.312924
96.781767
95.894672
95.976683
95.758285
96.133965
95.895819
96.539402
96.087520
95.790301
96.165873
96.032007
95.693694
96.256106
96.048073
96.125274
96.530773
96.078651
95.601173
96.050409
95.679284
95.730204
96.331290
95.976320
95.929084
95.881646
96.627736
95.939194
96.177730
95.845815
96.211784
96.057067
95.733989
96.242737
96.357863
96.517188
96.433523
96.139521
96.031009
95.719150
95.803771
96.263133
96.165753
96.104837
96.050402
95.663638
95.982022
96.109034
96.435564
95.711963
97.091171
96.653211
95.664301
95.888795
95.486928
95.784904
96.025356
96.385899
95.790240
96.496615
96.114560
95.815789
95.982323
96.138526
96.203697
95.938988
96.557983
95.861695
96.314277
96.487936
95.817157
95.833567
96.037262
96.062118
95.883586
96.087119
96.360265
96.367585
95.908596
96.183900
95.695097
96.240882
95.931899
95.826035
96.368204
95.972368
95.839404
96.157826
95.831005
95.825533
96.360248
95.892748
96.475972
96.232930
96.526208
96.506001
95.645422
96.194534
96.349128
95.780295
95.880273
96.317252
95.690047
95.482749
95.538252
95.779673
96.148098
95.642983
95.952207
96.197656
95.950167
96.055852
96.403958
95.788088
95.982060
95.479723
96.294653
95.868855
95.924005
96.095169
96.310089
95.805477
96.508344
96.319600
95.938045
96.106639
96.739194
95.772270
95.928417
96.393931
95.813468
95.833702
95.685008
96.216951
96.272083
96.211913
95.987761
96.040051
96.257392
96.101943
95.651112
96.054960
96.042211
95.998775
95.890804
95.709855
96.219013
95.619538
96.332938
95.977857
96.372912
96.145476
96.688100
95.763592
96.014513
95.830548
96.057429
95.921276
95.564185
96.202155
96.887629
96.079025
96.021530
95.893580
95.744652
96.007068
96.099744
95.484701
96.459167
96.220917
96.038526
95.473112
95.616533
95.794083
95.899153
95.727427
96.296953
96.032730
96.164701
95.887547
96.291690
95.770280
95.862602
95.670807
96.520498
95.767828
96.069910
95.947082
96.761264
95.713631
96.406003
95.608992
96.038643
96.511286
96.140037
96.032498
95.921963
95.902891
95.756413
95.675104
95.681458
96.088763
96.408651
95.941629
96.176562
96.298495
95.998659
95.979923
95.451892
95.504629
96.221751
96.284039
96.339242
96.054532
96.260684
95.737209
95.898798
95.809732
95.764379
96.625052
96.495787
96.221915
95.679026
95.897087
96.044231
96.378433
95.890546
96.263192
96.277139
96.331949
96.308252
96.058048
96.028230
95.911068
95.975484
95.527656
95.814588
96.375339
95.986120
95.814165
96.577401
95.929710
96.104771
95.596281
96.437741
96.344495
96.237692
96.353023
96.337185
95.991219
96.113500
97.010086
96.304172
95.787130
95.608995
96.369718
95.684474
96.216714
96.237177
96.011418
95.676730
95.958058
96.222417
96.130157
95.853319
96.066457
95.953176
95.642763
96.239919
95.543352
96.148942
95.651371
96.013288
95.953339
96.200367
95.949465
96.016729
96.060800
95.814039
96.158899
96.400688
96.389320
96.602052
96.393509
95.692033
95.875915
96.054309
96.510212
96.465717
96.293343
96.734613
95.841832
95.873846
95.945621
96.318741
96.329906
96.291972
96.114349
95.798773
95.761444
96.343343
95.995723
95.774154
95.883277
96.507689
96.359782
95.604295
96.160787
95.424445
96.250707
96.766028
96.220636
96.281988
95.773827
96.171934
95.595915
96.438573
95.793404
96.223074
96.224297
95.772880
96.333932
95.804543
95.758425
96.255936
96.072720
95.940915
96.071072
96.128287
96.277779
95.926753
96.224604
95.674431
96.236866
96.188019
96.508014
96.644166
95.910631
96.000089
95.824154
96.109867
96.056051
95.976743
96.330283
95.634062
96.400854
95.877800
95.597588
95.573915
95.915006
96.035753
95.768509
96.291086
95.953685
95.910289
96.189008
95.387110
96.298211
96.114950
96.082209
96.004684
95.879182
95.447990
96.211389
95.748720
95.937679
95.991482
95.917339
96.054042
95.606114
96.316924
96.088093
96.021980
95.624091
95.699565
96.125917
96.158614
96.481283
96.559155
96.269520
96.134210
95.707485
96.036999
95.528097
95.891290
96.046337
95.784724
96.265623
96.120877
96.166129
95.945528
95.796621
96.240167
95.871667
95.691725
96.552282
96.046202
95.711610
95.821419
96.270631
96.193981
95.756752
96.426261
96.328040
96.577332
96.017828
95.851490
95.877908
95.901350
96.253764
95.946698
96.374860
96.504912
96.161677
96.218544
95.901011
95.512390
96.375217
96.485800
96.509005
95.933313
95.943932
95.697094
95.659637
95.665143
95.891236
95.868109
96.493345
96.466747
96.123759
95.628160
96.299519
95.418813
95.602908
96.114761
95.887124
96.257684
96.205433
95.916032
96.362644
96.146887
96.323872
95.863625
95.916018
95.991995
96.364331
95.735929
95.919787
95.729469
95.869396
96.402562
95.732626
95.758206
95.794498
96.304526
95.761492
95.960218
96.236840
96.350226
96.511301
96.371835
95.691819
95.925535
95.509230
95.939216
95.746465
96.555133
96.468435
96.421152
95.998786
95.855672
95.822006
96.426273
96.492779
96.255821
96.424381
95.854158
96.388013
96.204799
95.820489
96.161702
95.715631
95.577308
95.477756
95.664349
96.164538
96.323165
95.844994
95.796726
96.341002
95.686893
95.894367
95.820672
96.450813
96.441302
96.289229
95.740386
96.137525
95.811664
96.398946
95.662695
96.116261
96.353314
95.850199
96.209543
95.374079
95.921451
96.033408
96.574432
96.157323
96.436437
95.902437
95.735356
95.792767
96.059509
95.684265
96.050304
96.197047
96.058419
96.021442
95.665339
96.173636
96.307326
95.841668
96.120907
96.857506
96.180566
95.499036
95.840203
95.386796
95.653863
95.864170
95.790028
95.798801
96.384714
96.239833
96.103125
95.851537
96.086254
96.342344
96.002890
96.289155
96.168951
96.311318
95.990060
95.368195
95.837471
96.161194
96.029890
95.987324
96.418863
96.150215
95.938794
95.665774
96.010558
95.801498
95.659096
96.342717
95.760847
96.024126
95.864386
96.111499
95.809605
95.804508
96.050529
96.636920
96.105868
95.936391
96.079761
95.564042
96.023067
96.237939
95.951387
96.013887
96.111720
95.939350
96.147914
96.313842
96.182776
95.968963
95.826367
96.100154
96.894088
95.620955
96.403676
96.166069
95.933810
96.161641
95.497868
96.201807
96.712624
96.742905
96.525451
96.093705
96.023284
95.791970
96.740591
96.221345
96.808007
96.743325
95.836114
96.037406
96.208700
95.416941
95.950957
96.503749
96.198717
96.224239
95.769950
96.055275
96.165487
96.042661
95.801610
96.410768
95.911612
95.938064
95.720788
95.459704
95.946895
96.223798
95.970493
95.852761
96.148710
96.131957
95.940923
96.618781
96.382914
95.764729
95.835842
95.773784
95.810079
95.829247
96.408696
95.605379
96.033063
95.982041
95.812758
95.639150
96.435386
95.529642
95.537561
96.172439
95.717586
95.823978
96.265151
96.308887
96.532324
96.489063
96.037613
95.908857
95.977436
96.325150
96.094004
95.670505
95.921241
96.417461
95.217443
95.894391
95.782660
96.349574
95.790424
96.100550
96.440267
96.553658
95.987823
96.240488
95.777284
96.373251
96.390438
96.597501
96.922721
95.805397
95.345152
95.693148
96.057686
96.328886
96.641894
96.089105
96.035809
96.478183
95.956563
95.859957
96.200564
95.666976
96.169910
96.125613
96.229351
96.387419
95.878591
95.427000
95.994015
95.832694
96.482829
96.167309
96.438685
96.183647
95.447872
95.933355
95.860781
96.194524
96.496714
96.327945
95.898374
96.177716
95.869835
96.171395
95.812678
95.735234
95.717354
96.170955
96.289593
96.071237
95.947184
96.374486
96.104443
95.930228
95.633730
96.560287
96.042929
96.243947
95.832136
95.937110
95.995270
95.771662
95.655583
95.869158
95.947565
96.064731
96.204612
96.548824
96.260235
95.994524
95.956715
96.368655
96.363927
95.984426
95.809623
95.698329
96.220986
95.829734
95.966910
96.650844
95.973294
96.115940
96.542601
96.187351
96.169377
95.821161
96.586182
96.806516
96.237015
95.526301
96.403363
96.303161
95.776304
96.545654
96.062955
96.237192
96.468871
95.662673
95.773174
95.859981
96.258735
96.093811
96.515078
96.733403
96.075675
96.059621
95.881239
95.955609
95.716493
95.612314
96.371047
96.242501
95.937715
96.380194
95.780288
95.939329
96.079348
95.978687
96.696020
96.652490
96.336971
96.035530
96.166533
96.084290
95.942108
96.064658
96.584949
96.036018
95.718155
95.830057
96.011776
96.355198
95.963968
96.121483
96.199868
96.519325
96.128191
95.870871
95.786587
95.504132
95.966333
96.081047
96.051195
96.245303
95.978197
96.013146
95.793083
95.771877
96.140184
95.779145
96.214120
96.191182
95.643311
95.534022
95.827163
96.114083
96.252357
95.786689
96.231009
96.296703
96.600335
95.747088
95.758101
96.240929
96.022646
96.365100
95.879671
96.432519
96.199554
95.859402
95.947108
96.688859
96.337894
96.212322
96.436671
96.080339
95.853342
96.505531
96.268241
96.198238
96.019377
96.456444
96.295999
96.056674
96.349625
95.558355
95.858484
96.059703
96.488140
96.391331
96.413491
96.449775
96.157796
95.980699
95.518119
95.832007
96.443926
96.351557
96.237950
95.821369
95.602285
95.746222
95.828128
95.663002
96.833861
96.740118
96.083381
95.595311
96.310479
96.333202
96.066161
95.852556
96.203608
96.413370
95.806929
96.328924
95.420824
96.461357
95.872927
96.268833
96.340284
95.821309
95.601787
95.625165
95.523598
95.610032
96.034553
96.206055
96.133291
95.937784
95.918591
95.517176
95.561213
95.983721
96.249773
96.227282
96.088701
96.059855
96.296609
95.612855
95.651917
95.883296
96.030795
96.625654
95.179593
95.579666
95.974792
95.983127
96.497489
95.489172
96.111555
96.477826
95.647011
96.363374
95.776257
95.486096
95.954599
96.064458
96.357222
96.250749
95.889429
95.833651
95.885715
95.676886
95.670629
95.938008
96.200523
96.322224
95.730640
96.358158
95.794658
96.579807
96.462550
96.183094
95.978640
96.172039
96.137365
96.391066
96.359227
96.176525
96.529003
95.849093
95.858509
95.571926
96.164625
96.482330
96.301472
95.893196
96.830720
95.682543
95.823654
95.813195
96.067663
96.640365
95.691151
96.106875
96.489356
96.318873
96.179403
95.931701
95.857114
96.115425
95.856036
96.270695
96.088844
96.340502
95.937819
95.759815
96.029585
95.700585
95.871333
96.442980
95.566409
96.380535
95.906422
96.424846
96.612419
96.727981
95.846035
95.882236
95.717740
96.067224
96.216850
96.509270
95.560138
95.963905
95.679535
96.315971
95.586948
95.600575
95.645938
96.143265
95.985932
95.968304
96.265872
96.278690
96.507361
95.869098
95.691603
95.533223
96.149871
96.332708
96.027277
96.481205
95.518606
95.995813
95.750608
95.583767
96.109157
95.873506
96.023936
96.320502
95.746989
96.264309
96.416816
96.373658
95.848922
96.226810
95.839974
95.964648
96.010535
95.648268
95.437414
95.777978
96.043194
96.360303
95.880575
95.941893
95.806212
95.937662
95.662411
95.704820
96.379090
95.828617
95.419088
95.843495
95.822848
96.102815
95.746518
96.073700
96.264146
96.266282
96.190789
95.908352
95.803943
95.749592
96.154851
96.412149
96.012946
96.002302
95.403176
95.857007
95.258311
96.103542
95.962579
96.319545
96.528355
96.095578
95.724983
95.591773
95.706497
95.634588
96.416315
95.808311
95.891409
95.825926
95.920293
95.836590
95.994968
95.994093
95.863341
95.965320
95.743977
96.310729
95.961681
96.219486
96.882347
95.985400
95.895030
96.083706
95.848464
96.222027
96.242131
96.586531
96.038014
95.521819
96.171817
96.036515
95.780526
96.841020
96.520441
95.874536
96.059173
95.935536
95.999260
95.827845
96.407380
96.638490
96.326780
96.081512
96.109387
95.587775
96.641436
96.133115
96.162471
95.660953
95.697624
95.564911
96.103945
96.447532
96.258407
96.851871
95.790449
95.720240
95.812532
96.045038
96.114909
96.247477
96.076551
96.039029
96.072533
96.000301
95.926506
97.064053
96.293920
96.259396
95.516884
95.352523
96.252173
96.345216
96.741745
96.483719
95.833864
95.961206
95.486702
95.840130
96.205492
95.932235
96.166637
95.995866
96.066233
96.197455
96.257385
96.158186
96.372659
96.364359
95.988366
96.006630
96.178044
95.639057
96.323065
96.889591
96.545062
95.903057
96.047187
96.146598
95.784974
95.958488
95.917319
96.166023
95.566558
95.711632
95.771854
95.855547
96.317856
96.189322
96.316222
95.770231
95.342915
95.902935
95.591687
95.798518
96.188498
96.380973
96.727530
96.177585
96.281756
95.824933
95.877718
96.478575
96.574945
96.184740
96.143946
96.185660
96.217896
96.285270
96.070397
96.415605
96.530873
96.408223
96.271578
96.307148
95.854951
95.530016
96.535741
96.187290
95.972977
96.299639
95.619711
96.265823
95.862249
96.479214
96.483230
96.542984
96.140532
95.920950
95.986568
95.928748
95.981484
96.527727
96.545750
96.064709
96.064975
95.665519
95.700742
96.153453
96.379159
97.168500
96.171788
96.550017
96.004155
96.128862
95.837686
95.942913
96.072758
95.802758
95.985020
95.921352
96.180313
96.407698
95.816260
96.368641
96.637240
95.887302
95.618785
96.179294
95.641221
95.671347
95.941297
95.933001
96.020161
96.032098
95.755378
95.565683
95.991660
96.407786
96.708432
95.932501
96.040940
96.540929
95.817348
95.764343
95.990756
96.480216
95.625244
95.767124
95.783257
95.851120
96.392387
96.471988
95.956464
95.767952
96.079595
96.119498
95.990779
96.086796
96.543671
96.382911
95.604917
96.410639
95.794042
96.482284
95.915272
96.110907
95.977742
95.947399
95.914032
95.952923
95.743694
96.350692
96.412045
96.384189
96.505289
95.997955
95.884804
95.393631
95.894203
96.156849
96.372367
95.495031
95.663178
96.371539
95.699888
96.044186
96.038037
96.035840
96.427730
95.708042
95.530592
96.022673
95.851039
96.141543
96.491200
95.756321
96.021790
95.768249
95.791242
96.033045
96.138215
96.470592
96.328156
95.862222
96.049593
96.158336
96.805517
95.708186
95.708278
95.719468
96.074500
96.279992
96.030350
95.616282
96.536781
95.826208
96.064122
96.310610
95.612158
96.085744
96.075392
96.667914
96.141564
96.015844
95.547225
96.339675
95.898170
95.983393
96.473080
96.492632
95.739761
95.859308
95.621833
97.019669
96.721458
96.448952
96.543952
96.753196
95.919547
96.307128
96.229773
96.265035
95.828692
95.601569
95.721774
95.644013
96.168313
96.620476
96.173791
96.278647
96.255960
96.303877
96.462863
96.802721
96.489704
96.174383
95.971294
96.129802
96.585945
96.530303
96.018848
96.155724
95.769482
95.466146
95.984412
95.731775
96.273911
96.160594
95.832277
96.359597
96.038064
96.389051
96.730031
95.904648
96.089238
95.694462
95.478300
96.252154
96.598139
96.798580
96.380156
96.186005
95.992229
96.097169
95.976823
96.684714
96.940725
96.312435
95.966120
95.458206
96.258566
96.245989
96.322667
96.830432
96.221226
95.918873
95.969941
95.783977
95.659897
96.060432
96.267334
95.943289
95.655693
96.763230
95.904674
96.072728
95.662563
96.131190
96.524731
96.009785
95.867144
95.532327
96.317966
96.272357
96.372333
96.558754
96.163528
96.191506
96.483205
95.862834
95.641741
96.532805
96.325847
96.002005
95.449943
95.800781
95.780826
96.262158
95.993687
96.097807
96.261181
96.350163
96.217237
96.022372
96.499522
96.905121
95.251990
95.300110
96.261982
96.300282
95.852698
95.925690
96.125946
96.164996
95.381904
96.105617
95.882935
95.686235
95.763261
95.987206
95.991525
96.344229
95.769546
95.311247
96.288301
95.403627
96.031770
95.817949
96.074602
95.867532
95.833821
96.292391
95.890202
95.771738
96.597183
96.340047
96.326602
95.641339
95.703651
95.867734
96.229922
96.474967
96.566207
95.745484
96.198230
96.208836
96.601633
95.808706
96.637443
96.545174
95.980814
95.488950
96.129046
95.882426
95.901999
95.876297
95.632932
96.342697
96.160954
95.992576
95.800438
95.641197
96.292809
96.204220
95.776464
96.536333
96.325343
96.077081
96.049123
95.755179